<?xml version="1.0" encoding="UTF-8"?>
<coverage generated="1658249756661" clover="3.2.0">
  <project timestamp="1658249756661" name="All files">
    <metrics statements="63" coveredstatements="63" conditionals="40" coveredconditionals="39" methods="7" coveredmethods="7" elements="110" coveredelements="109" complexity="0" loc="63" ncloc="63" packages="2" files="6" classes="6"/>
    <package name="dia-3-primeiros-passos-em-jest">
      <metrics statements="55" coveredstatements="55" conditionals="38" coveredconditionals="37" methods="6" coveredmethods="6"/>
      <file name="encode-decode.js" path="/home/gpina/Desktop/trybe-exercices/fundamentos/bloco-07-introducao-a-javascript-es6-e-testes-unitarios/dia-3-primeiros-passos-em-jest/encode-decode.js">
        <metrics statements="31" coveredstatements="31" conditionals="20" coveredconditionals="20" methods="2" coveredmethods="2"/>
        <line num="1" count="1" type="stmt"/>
        <line num="3" count="3" type="stmt"/>
        <line num="5" count="3" type="stmt"/>
        <line num="6" count="9" type="cond" truecount="2" falsecount="0"/>
        <line num="7" count="1" type="stmt"/>
        <line num="8" count="8" type="cond" truecount="2" falsecount="0"/>
        <line num="9" count="1" type="stmt"/>
        <line num="10" count="7" type="cond" truecount="2" falsecount="0"/>
        <line num="11" count="1" type="stmt"/>
        <line num="12" count="6" type="cond" truecount="2" falsecount="0"/>
        <line num="13" count="1" type="stmt"/>
        <line num="14" count="5" type="cond" truecount="2" falsecount="0"/>
        <line num="15" count="1" type="stmt"/>
        <line num="17" count="4" type="stmt"/>
        <line num="20" count="3" type="stmt"/>
        <line num="23" count="1" type="stmt"/>
        <line num="25" count="3" type="stmt"/>
        <line num="27" count="3" type="stmt"/>
        <line num="28" count="12" type="cond" truecount="2" falsecount="0"/>
        <line num="29" count="2" type="stmt"/>
        <line num="30" count="10" type="cond" truecount="2" falsecount="0"/>
        <line num="31" count="2" type="stmt"/>
        <line num="32" count="8" type="cond" truecount="2" falsecount="0"/>
        <line num="33" count="2" type="stmt"/>
        <line num="34" count="6" type="cond" truecount="2" falsecount="0"/>
        <line num="35" count="2" type="stmt"/>
        <line num="36" count="4" type="cond" truecount="2" falsecount="0"/>
        <line num="37" count="2" type="stmt"/>
        <line num="39" count="2" type="stmt"/>
        <line num="42" count="3" type="stmt"/>
        <line num="45" count="1" type="stmt"/>
      </file>
      <file name="hydrate.js" path="/home/gpina/Desktop/trybe-exercices/fundamentos/bloco-07-introducao-a-javascript-es6-e-testes-unitarios/dia-3-primeiros-passos-em-jest/hydrate.js">
        <metrics statements="8" coveredstatements="8" conditionals="2" coveredconditionals="1" methods="1" coveredmethods="1"/>
        <line num="1" count="1" type="stmt"/>
        <line num="3" count="1" type="stmt"/>
        <line num="4" count="1" type="stmt"/>
        <line num="7" count="1" type="stmt"/>
        <line num="8" count="9" type="stmt"/>
        <line num="11" count="1" type="cond" truecount="1" falsecount="1"/>
        <line num="13" count="1" type="stmt"/>
        <line num="17" count="1" type="stmt"/>
      </file>
      <file name="my-fizz-buzz.js" path="/home/gpina/Desktop/trybe-exercices/fundamentos/bloco-07-introducao-a-javascript-es6-e-testes-unitarios/dia-3-primeiros-passos-em-jest/my-fizz-buzz.js">
        <metrics statements="6" coveredstatements="6" conditionals="10" coveredconditionals="10" methods="1" coveredmethods="1"/>
        <line num="2" count="5" type="cond" truecount="2" falsecount="0"/>
        <line num="3" count="4" type="cond" truecount="4" falsecount="0"/>
        <line num="4" count="3" type="cond" truecount="2" falsecount="0"/>
        <line num="5" count="2" type="cond" truecount="2" falsecount="0"/>
        <line num="6" count="1" type="stmt"/>
        <line num="9" count="1" type="stmt"/>
      </file>
      <file name="remove-arr.js" path="/home/gpina/Desktop/trybe-exercices/fundamentos/bloco-07-introducao-a-javascript-es6-e-testes-unitarios/dia-3-primeiros-passos-em-jest/remove-arr.js">
        <metrics statements="6" coveredstatements="6" conditionals="2" coveredconditionals="2" methods="1" coveredmethods="1"/>
        <line num="2" count="3" type="stmt"/>
        <line num="3" count="3" type="stmt"/>
        <line num="4" count="10" type="cond" truecount="2" falsecount="0"/>
        <line num="5" count="9" type="stmt"/>
        <line num="8" count="3" type="stmt"/>
        <line num="11" count="1" type="stmt"/>
      </file>
      <file name="sum.js" path="/home/gpina/Desktop/trybe-exercices/fundamentos/bloco-07-introducao-a-javascript-es6-e-testes-unitarios/dia-3-primeiros-passos-em-jest/sum.js">
        <metrics statements="4" coveredstatements="4" conditionals="4" coveredconditionals="4" methods="1" coveredmethods="1"/>
        <line num="2" count="4" type="cond" truecount="4" falsecount="0"/>
        <line num="3" count="2" type="stmt"/>
        <line num="6" count="2" type="stmt"/>
        <line num="9" count="1" type="stmt"/>
      </file>
    </package>
    <package name="dia-3-primeiros-passos-em-jest.coverage.lcov-report">
      <metrics statements="8" coveredstatements="8" conditionals="2" coveredconditionals="2" methods="1" coveredmethods="1"/>
      <file name="tech-list.js" path="/home/gpina/Desktop/trybe-exercices/fundamentos/bloco-07-introducao-a-javascript-es6-e-testes-unitarios/dia-3-primeiros-passos-em-jest/coverage/lcov-report/tech-list.js">
        <metrics statements="8" coveredstatements="8" conditionals="2" coveredconditionals="2" methods="1" coveredmethods="1"/>
        <line num="1" count="1" type="stmt"/>
        <line num="3" count="2" type="cond" truecount="2" falsecount="0"/>
        <line num="5" count="1" type="stmt"/>
        <line num="6" count="1" type="stmt"/>
        <line num="8" count="1" type="stmt"/>
        <line num="9" count="5" type="stmt"/>
        <line num="11" count="1" type="stmt"/>
        <line num="14" count="1" type="stmt"/>
      </file>
    </package>
  </project>
</coverage>
