<?xml version="1.0" encoding="UTF-8"?>
<coverage generated="1658244645572" clover="3.2.0">
  <project timestamp="1658244645572" name="All files">
    <metrics statements="47" coveredstatements="47" conditionals="36" coveredconditionals="36" methods="5" coveredmethods="5" elements="88" coveredelements="88" complexity="0" loc="47" ncloc="47" packages="1" files="4" classes="4"/>
    <file name="encode-decode.js" path="/home/gpina/Desktop/trybe-exercices/fundamentos/bloco-07-introducao-a-javascript-es6-e-testes-unitarios/dia-3-primeiros-passos-em-jest/encode-decode.js">
      <metrics statements="31" coveredstatements="31" conditionals="20" coveredconditionals="20" methods="2" coveredmethods="2"/>
      <line num="1" count="1" type="stmt"/>
      <line num="3" count="3" type="stmt"/>
      <line num="5" count="3" type="stmt"/>
      <line num="6" count="9" type="cond" truecount="2" falsecount="0"/>
      <line num="7" count="1" type="stmt"/>
      <line num="8" count="8" type="cond" truecount="2" falsecount="0"/>
      <line num="9" count="1" type="stmt"/>
      <line num="10" count="7" type="cond" truecount="2" falsecount="0"/>
      <line num="11" count="1" type="stmt"/>
      <line num="12" count="6" type="cond" truecount="2" falsecount="0"/>
      <line num="13" count="1" type="stmt"/>
      <line num="14" count="5" type="cond" truecount="2" falsecount="0"/>
      <line num="15" count="1" type="stmt"/>
      <line num="17" count="4" type="stmt"/>
      <line num="20" count="3" type="stmt"/>
      <line num="23" count="1" type="stmt"/>
      <line num="25" count="3" type="stmt"/>
      <line num="27" count="3" type="stmt"/>
      <line num="28" count="12" type="cond" truecount="2" falsecount="0"/>
      <line num="29" count="2" type="stmt"/>
      <line num="30" count="10" type="cond" truecount="2" falsecount="0"/>
      <line num="31" count="2" type="stmt"/>
      <line num="32" count="8" type="cond" truecount="2" falsecount="0"/>
      <line num="33" count="2" type="stmt"/>
      <line num="34" count="6" type="cond" truecount="2" falsecount="0"/>
      <line num="35" count="2" type="stmt"/>
      <line num="36" count="4" type="cond" truecount="2" falsecount="0"/>
      <line num="37" count="2" type="stmt"/>
      <line num="39" count="2" type="stmt"/>
      <line num="42" count="3" type="stmt"/>
      <line num="45" count="1" type="stmt"/>
    </file>
    <file name="my-fizz-buzz.js" path="/home/gpina/Desktop/trybe-exercices/fundamentos/bloco-07-introducao-a-javascript-es6-e-testes-unitarios/dia-3-primeiros-passos-em-jest/my-fizz-buzz.js">
      <metrics statements="6" coveredstatements="6" conditionals="10" coveredconditionals="10" methods="1" coveredmethods="1"/>
      <line num="2" count="5" type="cond" truecount="2" falsecount="0"/>
      <line num="3" count="4" type="cond" truecount="4" falsecount="0"/>
      <line num="4" count="3" type="cond" truecount="2" falsecount="0"/>
      <line num="5" count="2" type="cond" truecount="2" falsecount="0"/>
      <line num="6" count="1" type="stmt"/>
      <line num="9" count="1" type="stmt"/>
    </file>
    <file name="remove-arr.js" path="/home/gpina/Desktop/trybe-exercices/fundamentos/bloco-07-introducao-a-javascript-es6-e-testes-unitarios/dia-3-primeiros-passos-em-jest/remove-arr.js">
      <metrics statements="6" coveredstatements="6" conditionals="2" coveredconditionals="2" methods="1" coveredmethods="1"/>
      <line num="2" count="3" type="stmt"/>
      <line num="3" count="3" type="stmt"/>
      <line num="4" count="10" type="cond" truecount="2" falsecount="0"/>
      <line num="5" count="9" type="stmt"/>
      <line num="8" count="3" type="stmt"/>
      <line num="11" count="1" type="stmt"/>
    </file>
    <file name="sum.js" path="/home/gpina/Desktop/trybe-exercices/fundamentos/bloco-07-introducao-a-javascript-es6-e-testes-unitarios/dia-3-primeiros-passos-em-jest/sum.js">
      <metrics statements="4" coveredstatements="4" conditionals="4" coveredconditionals="4" methods="1" coveredmethods="1"/>
      <line num="2" count="4" type="cond" truecount="4" falsecount="0"/>
      <line num="3" count="2" type="stmt"/>
      <line num="6" count="2" type="stmt"/>
      <line num="9" count="1" type="stmt"/>
    </file>
  </project>
</coverage>
