{"/home/gpina/Desktop/trybe-exercices/fundamentos/bloco-07-introducao-a-javascript-es6-e-testes-unitarios/dia-3-primeiros-passos-em-jest/encode-decode.js": {"path":"/home/gpina/Desktop/trybe-exercices/fundamentos/bloco-07-introducao-a-javascript-es6-e-testes-unitarios/dia-3-primeiros-passos-em-jest/encode-decode.js","statementMap":{"0":{"start":{"line":1,"column":15},"end":{"line":21,"column":1}},"1":{"start":{"line":3,"column":21},"end":{"line":3,"column":23}},"2":{"start":{"line":5,"column":2},"end":{"line":19,"column":3}},"3":{"start":{"line":6,"column":4},"end":{"line":18,"column":5}},"4":{"start":{"line":7,"column":6},"end":{"line":7,"column":26}},"5":{"start":{"line":8,"column":11},"end":{"line":18,"column":5}},"6":{"start":{"line":9,"column":6},"end":{"line":9,"column":26}},"7":{"start":{"line":10,"column":11},"end":{"line":18,"column":5}},"8":{"start":{"line":11,"column":6},"end":{"line":11,"column":26}},"9":{"start":{"line":12,"column":11},"end":{"line":18,"column":5}},"10":{"start":{"line":13,"column":6},"end":{"line":13,"column":26}},"11":{"start":{"line":14,"column":11},"end":{"line":18,"column":5}},"12":{"start":{"line":15,"column":6},"end":{"line":15,"column":26}},"13":{"start":{"line":17,"column":6},"end":{"line":17,"column":29}},"14":{"start":{"line":20,"column":2},"end":{"line":20,"column":22}},"15":{"start":{"line":23,"column":15},"end":{"line":43,"column":1}},"16":{"start":{"line":25,"column":21},"end":{"line":25,"column":23}},"17":{"start":{"line":27,"column":2},"end":{"line":41,"column":3}},"18":{"start":{"line":28,"column":4},"end":{"line":40,"column":5}},"19":{"start":{"line":29,"column":6},"end":{"line":29,"column":26}},"20":{"start":{"line":30,"column":11},"end":{"line":40,"column":5}},"21":{"start":{"line":31,"column":6},"end":{"line":31,"column":26}},"22":{"start":{"line":32,"column":11},"end":{"line":40,"column":5}},"23":{"start":{"line":33,"column":6},"end":{"line":33,"column":26}},"24":{"start":{"line":34,"column":11},"end":{"line":40,"column":5}},"25":{"start":{"line":35,"column":6},"end":{"line":35,"column":26}},"26":{"start":{"line":36,"column":11},"end":{"line":40,"column":5}},"27":{"start":{"line":37,"column":6},"end":{"line":37,"column":26}},"28":{"start":{"line":39,"column":6},"end":{"line":39,"column":29}},"29":{"start":{"line":42,"column":2},"end":{"line":42,"column":22}},"30":{"start":{"line":45,"column":0},"end":{"line":45,"column":34}}},"fnMap":{"0":{"name":"(anonymous_0)","decl":{"start":{"line":1,"column":15},"end":{"line":1,"column":16}},"loc":{"start":{"line":1,"column":27},"end":{"line":21,"column":1}},"line":1},"1":{"name":"(anonymous_1)","decl":{"start":{"line":23,"column":15},"end":{"line":23,"column":16}},"loc":{"start":{"line":23,"column":27},"end":{"line":43,"column":1}},"line":23}},"branchMap":{"0":{"loc":{"start":{"line":6,"column":4},"end":{"line":18,"column":5}},"type":"if","locations":[{"start":{"line":6,"column":4},"end":{"line":18,"column":5}},{"start":{"line":8,"column":11},"end":{"line":18,"column":5}}],"line":6},"1":{"loc":{"start":{"line":8,"column":11},"end":{"line":18,"column":5}},"type":"if","locations":[{"start":{"line":8,"column":11},"end":{"line":18,"column":5}},{"start":{"line":10,"column":11},"end":{"line":18,"column":5}}],"line":8},"2":{"loc":{"start":{"line":10,"column":11},"end":{"line":18,"column":5}},"type":"if","locations":[{"start":{"line":10,"column":11},"end":{"line":18,"column":5}},{"start":{"line":12,"column":11},"end":{"line":18,"column":5}}],"line":10},"3":{"loc":{"start":{"line":12,"column":11},"end":{"line":18,"column":5}},"type":"if","locations":[{"start":{"line":12,"column":11},"end":{"line":18,"column":5}},{"start":{"line":14,"column":11},"end":{"line":18,"column":5}}],"line":12},"4":{"loc":{"start":{"line":14,"column":11},"end":{"line":18,"column":5}},"type":"if","locations":[{"start":{"line":14,"column":11},"end":{"line":18,"column":5}},{"start":{"line":16,"column":11},"end":{"line":18,"column":5}}],"line":14},"5":{"loc":{"start":{"line":28,"column":4},"end":{"line":40,"column":5}},"type":"if","locations":[{"start":{"line":28,"column":4},"end":{"line":40,"column":5}},{"start":{"line":30,"column":11},"end":{"line":40,"column":5}}],"line":28},"6":{"loc":{"start":{"line":30,"column":11},"end":{"line":40,"column":5}},"type":"if","locations":[{"start":{"line":30,"column":11},"end":{"line":40,"column":5}},{"start":{"line":32,"column":11},"end":{"line":40,"column":5}}],"line":30},"7":{"loc":{"start":{"line":32,"column":11},"end":{"line":40,"column":5}},"type":"if","locations":[{"start":{"line":32,"column":11},"end":{"line":40,"column":5}},{"start":{"line":34,"column":11},"end":{"line":40,"column":5}}],"line":32},"8":{"loc":{"start":{"line":34,"column":11},"end":{"line":40,"column":5}},"type":"if","locations":[{"start":{"line":34,"column":11},"end":{"line":40,"column":5}},{"start":{"line":36,"column":11},"end":{"line":40,"column":5}}],"line":34},"9":{"loc":{"start":{"line":36,"column":11},"end":{"line":40,"column":5}},"type":"if","locations":[{"start":{"line":36,"column":11},"end":{"line":40,"column":5}},{"start":{"line":38,"column":11},"end":{"line":40,"column":5}}],"line":36}},"s":{"0":1,"1":3,"2":3,"3":9,"4":1,"5":8,"6":1,"7":7,"8":1,"9":6,"10":1,"11":5,"12":1,"13":4,"14":3,"15":1,"16":3,"17":3,"18":12,"19":2,"20":10,"21":2,"22":8,"23":2,"24":6,"25":2,"26":4,"27":2,"28":2,"29":3,"30":1},"f":{"0":3,"1":3},"b":{"0":[1,8],"1":[1,7],"2":[1,6],"3":[1,5],"4":[1,4],"5":[2,10],"6":[2,8],"7":[2,6],"8":[2,4],"9":[2,2]},"_coverageSchema":"1a1c01bbd47fc00a2c39e90264f33305004495a9","hash":"df15860c05479afb9d4cf71b56ffa6e75f69fd21"}
,"/home/gpina/Desktop/trybe-exercices/fundamentos/bloco-07-introducao-a-javascript-es6-e-testes-unitarios/dia-3-primeiros-passos-em-jest/hydrate.js": {"path":"/home/gpina/Desktop/trybe-exercices/fundamentos/bloco-07-introducao-a-javascript-es6-e-testes-unitarios/dia-3-primeiros-passos-em-jest/hydrate.js","statementMap":{"0":{"start":{"line":1,"column":16},"end":{"line":15,"column":1}},"1":{"start":{"line":3,"column":19},"end":{"line":3,"column":20}},"2":{"start":{"line":4,"column":16},"end":{"line":4,"column":29}},"3":{"start":{"line":7,"column":2},"end":{"line":9,"column":3}},"4":{"start":{"line":8,"column":4},"end":{"line":8,"column":35}},"5":{"start":{"line":11,"column":17},"end":{"line":11,"column":96}},"6":{"start":{"line":13,"column":2},"end":{"line":13,"column":15}},"7":{"start":{"line":17,"column":0},"end":{"line":17,"column":25}}},"fnMap":{"0":{"name":"(anonymous_0)","decl":{"start":{"line":1,"column":16},"end":{"line":1,"column":17}},"loc":{"start":{"line":1,"column":25},"end":{"line":15,"column":1}},"line":1}},"branchMap":{"0":{"loc":{"start":{"line":11,"column":17},"end":{"line":11,"column":96}},"type":"cond-expr","locations":[{"start":{"line":11,"column":36},"end":{"line":11,"column":64}},{"start":{"line":11,"column":67},"end":{"line":11,"column":96}}],"line":11}},"s":{"0":1,"1":1,"2":1,"3":1,"4":9,"5":1,"6":1,"7":1},"f":{"0":1},"b":{"0":[0,1]},"_coverageSchema":"1a1c01bbd47fc00a2c39e90264f33305004495a9","hash":"0475815acec3ea1d2d24043130fb60069188935b"}
,"/home/gpina/Desktop/trybe-exercices/fundamentos/bloco-07-introducao-a-javascript-es6-e-testes-unitarios/dia-3-primeiros-passos-em-jest/my-fizz-buzz.js": {"path":"/home/gpina/Desktop/trybe-exercices/fundamentos/bloco-07-introducao-a-javascript-es6-e-testes-unitarios/dia-3-primeiros-passos-em-jest/my-fizz-buzz.js","statementMap":{"0":{"start":{"line":2,"column":2},"end":{"line":2,"column":44}},"1":{"start":{"line":2,"column":31},"end":{"line":2,"column":44}},"2":{"start":{"line":3,"column":2},"end":{"line":3,"column":56}},"3":{"start":{"line":3,"column":38},"end":{"line":3,"column":56}},"4":{"start":{"line":4,"column":2},"end":{"line":4,"column":35}},"5":{"start":{"line":4,"column":21},"end":{"line":4,"column":35}},"6":{"start":{"line":5,"column":2},"end":{"line":5,"column":35}},"7":{"start":{"line":5,"column":21},"end":{"line":5,"column":35}},"8":{"start":{"line":6,"column":2},"end":{"line":6,"column":13}},"9":{"start":{"line":9,"column":0},"end":{"line":9,"column":28}}},"fnMap":{"0":{"name":"myFizzBuzz","decl":{"start":{"line":1,"column":9},"end":{"line":1,"column":19}},"loc":{"start":{"line":1,"column":25},"end":{"line":7,"column":1}},"line":1}},"branchMap":{"0":{"loc":{"start":{"line":2,"column":2},"end":{"line":2,"column":44}},"type":"if","locations":[{"start":{"line":2,"column":2},"end":{"line":2,"column":44}},{"start":{},"end":{}}],"line":2},"1":{"loc":{"start":{"line":3,"column":2},"end":{"line":3,"column":56}},"type":"if","locations":[{"start":{"line":3,"column":2},"end":{"line":3,"column":56}},{"start":{},"end":{}}],"line":3},"2":{"loc":{"start":{"line":3,"column":6},"end":{"line":3,"column":36}},"type":"binary-expr","locations":[{"start":{"line":3,"column":6},"end":{"line":3,"column":19}},{"start":{"line":3,"column":23},"end":{"line":3,"column":36}}],"line":3},"3":{"loc":{"start":{"line":4,"column":2},"end":{"line":4,"column":35}},"type":"if","locations":[{"start":{"line":4,"column":2},"end":{"line":4,"column":35}},{"start":{},"end":{}}],"line":4},"4":{"loc":{"start":{"line":5,"column":2},"end":{"line":5,"column":35}},"type":"if","locations":[{"start":{"line":5,"column":2},"end":{"line":5,"column":35}},{"start":{},"end":{}}],"line":5}},"s":{"0":5,"1":1,"2":4,"3":1,"4":3,"5":1,"6":2,"7":1,"8":1,"9":1},"f":{"0":5},"b":{"0":[1,4],"1":[1,3],"2":[4,2],"3":[1,2],"4":[1,1]},"_coverageSchema":"1a1c01bbd47fc00a2c39e90264f33305004495a9","hash":"31647ec70ece11e0d083770cd2e57703cfd49f27"}
,"/home/gpina/Desktop/trybe-exercices/fundamentos/bloco-07-introducao-a-javascript-es6-e-testes-unitarios/dia-3-primeiros-passos-em-jest/remove-arr.js": {"path":"/home/gpina/Desktop/trybe-exercices/fundamentos/bloco-07-introducao-a-javascript-es6-e-testes-unitarios/dia-3-primeiros-passos-em-jest/remove-arr.js","statementMap":{"0":{"start":{"line":2,"column":15},"end":{"line":2,"column":17}},"1":{"start":{"line":3,"column":2},"end":{"line":7,"column":3}},"2":{"start":{"line":3,"column":19},"end":{"line":3,"column":20}},"3":{"start":{"line":4,"column":4},"end":{"line":6,"column":5}},"4":{"start":{"line":5,"column":6},"end":{"line":5,"column":30}},"5":{"start":{"line":8,"column":2},"end":{"line":8,"column":16}},"6":{"start":{"line":11,"column":0},"end":{"line":11,"column":26}}},"fnMap":{"0":{"name":"myRemove","decl":{"start":{"line":1,"column":9},"end":{"line":1,"column":17}},"loc":{"start":{"line":1,"column":29},"end":{"line":9,"column":1}},"line":1}},"branchMap":{"0":{"loc":{"start":{"line":4,"column":4},"end":{"line":6,"column":5}},"type":"if","locations":[{"start":{"line":4,"column":4},"end":{"line":6,"column":5}},{"start":{},"end":{}}],"line":4}},"s":{"0":3,"1":3,"2":3,"3":10,"4":9,"5":3,"6":1},"f":{"0":3},"b":{"0":[9,1]},"_coverageSchema":"1a1c01bbd47fc00a2c39e90264f33305004495a9","hash":"f0704d19b6686593a247dfed8802ebef061b927d"}
,"/home/gpina/Desktop/trybe-exercices/fundamentos/bloco-07-introducao-a-javascript-es6-e-testes-unitarios/dia-3-primeiros-passos-em-jest/sum.js": {"path":"/home/gpina/Desktop/trybe-exercices/fundamentos/bloco-07-introducao-a-javascript-es6-e-testes-unitarios/dia-3-primeiros-passos-em-jest/sum.js","statementMap":{"0":{"start":{"line":2,"column":2},"end":{"line":4,"column":3}},"1":{"start":{"line":3,"column":4},"end":{"line":3,"column":50}},"2":{"start":{"line":6,"column":2},"end":{"line":6,"column":15}},"3":{"start":{"line":9,"column":0},"end":{"line":9,"column":21}}},"fnMap":{"0":{"name":"sum","decl":{"start":{"line":1,"column":9},"end":{"line":1,"column":12}},"loc":{"start":{"line":1,"column":19},"end":{"line":7,"column":1}},"line":1}},"branchMap":{"0":{"loc":{"start":{"line":2,"column":2},"end":{"line":4,"column":3}},"type":"if","locations":[{"start":{"line":2,"column":2},"end":{"line":4,"column":3}},{"start":{},"end":{}}],"line":2},"1":{"loc":{"start":{"line":2,"column":6},"end":{"line":2,"column":52}},"type":"binary-expr","locations":[{"start":{"line":2,"column":6},"end":{"line":2,"column":27}},{"start":{"line":2,"column":31},"end":{"line":2,"column":52}}],"line":2}},"s":{"0":4,"1":2,"2":2,"3":1},"f":{"0":4},"b":{"0":[2,2],"1":[4,4]},"_coverageSchema":"1a1c01bbd47fc00a2c39e90264f33305004495a9","hash":"598ee26d354d0d48e1252457743062936a3eee09"}
,"/home/gpina/Desktop/trybe-exercices/fundamentos/bloco-07-introducao-a-javascript-es6-e-testes-unitarios/dia-3-primeiros-passos-em-jest/coverage/lcov-report/tech-list.js": {"path":"/home/gpina/Desktop/trybe-exercices/fundamentos/bloco-07-introducao-a-javascript-es6-e-testes-unitarios/dia-3-primeiros-passos-em-jest/coverage/lcov-report/tech-list.js","statementMap":{"0":{"start":{"line":1,"column":17},"end":{"line":12,"column":1}},"1":{"start":{"line":3,"column":2},"end":{"line":3,"column":44}},"2":{"start":{"line":3,"column":28},"end":{"line":3,"column":44}},"3":{"start":{"line":5,"column":23},"end":{"line":5,"column":25}},"4":{"start":{"line":6,"column":17},"end":{"line":6,"column":32}},"5":{"start":{"line":8,"column":2},"end":{"line":10,"column":3}},"6":{"start":{"line":9,"column":4},"end":{"line":9,"column":58}},"7":{"start":{"line":11,"column":2},"end":{"line":11,"column":24}},"8":{"start":{"line":14,"column":0},"end":{"line":14,"column":26}}},"fnMap":{"0":{"name":"(anonymous_0)","decl":{"start":{"line":1,"column":17},"end":{"line":1,"column":18}},"loc":{"start":{"line":1,"column":37},"end":{"line":12,"column":1}},"line":1}},"branchMap":{"0":{"loc":{"start":{"line":3,"column":2},"end":{"line":3,"column":44}},"type":"if","locations":[{"start":{"line":3,"column":2},"end":{"line":3,"column":44}},{"start":{},"end":{}}],"line":3}},"s":{"0":1,"1":2,"2":1,"3":1,"4":1,"5":1,"6":5,"7":1,"8":1},"f":{"0":2},"b":{"0":[1,1]},"_coverageSchema":"1a1c01bbd47fc00a2c39e90264f33305004495a9","hash":"64d69016efe4e44707e0ed7721e36c3e2c88b8e1"}
}
