TN:
SF:encode-decode.js
FN:1,(anonymous_0)
FN:23,(anonymous_1)
FNF:2
FNH:2
FNDA:3,(anonymous_0)
FNDA:3,(anonymous_1)
DA:1,1
DA:3,3
DA:5,3
DA:6,9
DA:7,1
DA:8,8
DA:9,1
DA:10,7
DA:11,1
DA:12,6
DA:13,1
DA:14,5
DA:15,1
DA:17,4
DA:20,3
DA:23,1
DA:25,3
DA:27,3
DA:28,12
DA:29,2
DA:30,10
DA:31,2
DA:32,8
DA:33,2
DA:34,6
DA:35,2
DA:36,4
DA:37,2
DA:39,2
DA:42,3
DA:45,1
LF:31
LH:31
BRDA:6,0,0,1
BRDA:6,0,1,8
BRDA:8,1,0,1
BRDA:8,1,1,7
BRDA:10,2,0,1
BRDA:10,2,1,6
BRDA:12,3,0,1
BRDA:12,3,1,5
BRDA:14,4,0,1
BRDA:14,4,1,4
BRDA:28,5,0,2
BRDA:28,5,1,10
BRDA:30,6,0,2
BRDA:30,6,1,8
BRDA:32,7,0,2
BRDA:32,7,1,6
BRDA:34,8,0,2
BRDA:34,8,1,4
BRDA:36,9,0,2
BRDA:36,9,1,2
BRF:20
BRH:20
end_of_record
TN:
SF:my-fizz-buzz.js
FN:1,myFizzBuzz
FNF:1
FNH:1
FNDA:5,myFizzBuzz
DA:2,5
DA:3,4
DA:4,3
DA:5,2
DA:6,1
DA:9,1
LF:6
LH:6
BRDA:2,0,0,1
BRDA:2,0,1,4
BRDA:3,1,0,1
BRDA:3,1,1,3
BRDA:3,2,0,4
BRDA:3,2,1,2
BRDA:4,3,0,1
BRDA:4,3,1,2
BRDA:5,4,0,1
BRDA:5,4,1,1
BRF:10
BRH:10
end_of_record
TN:
SF:remove-arr.js
FN:1,myRemove
FNF:1
FNH:1
FNDA:3,myRemove
DA:2,3
DA:3,3
DA:4,10
DA:5,9
DA:8,3
DA:11,1
LF:6
LH:6
BRDA:4,0,0,9
BRDA:4,0,1,1
BRF:2
BRH:2
end_of_record
TN:
SF:sum.js
FN:1,sum
FNF:1
FNH:1
FNDA:4,sum
DA:2,4
DA:3,2
DA:6,2
DA:9,1
LF:4
LH:4
BRDA:2,0,0,2
BRDA:2,0,1,2
BRDA:2,1,0,4
BRDA:2,1,1,4
BRF:4
BRH:4
end_of_record
